<?xml version="1.0" encoding="UTF-8"?>
<!-- Generated by org.testng.reporters.JUnitXMLReporter -->
<testsuite hostname="Nidhi" name="Default test" tests="2" failures="0" timestamp="14 Sep 2020 13:50:57 GMT" time="129.147" errors="0">
  <testcase name="logotest on [Reporting_Extent passed=0 failed=0 skipped=0]" time="1.047" classname="utilities.Reporting_Extent"/>
  <testcase name="titletest on [Reporting_Extent passed=0 failed=0 skipped=0]" time="0.155" classname="utilities.Reporting_Extent"/>
</testsuite> <!-- Default test -->
