<?xml version="1.0" encoding="UTF-8"?>
<testng-results skipped="0" failed="0" total="1" passed="1">
  <reporter-output>
  </reporter-output>
  <suite name="WFH_Selenium_Framework" duration-ms="29531" started-at="2020-09-13T18:40:29Z" finished-at="2020-09-13T18:40:59Z">
    <groups>
    </groups>
    <test name="Guru99 logindemo" duration-ms="29531" started-at="2020-09-13T18:40:29Z" finished-at="2020-09-13T18:40:59Z">
      <class name="tests.TC01_Login_test">
        <test-method status="PASS" signature="setup(java.lang.String)[pri:0, instance:tests.TC01_Login_test@b59d31]" name="setup" is-config="true" duration-ms="14779" started-at="2020-09-14T00:10:30Z" finished-at="2020-09-14T00:10:44Z">
          <params>
            <param index="0">
              <value>
                <![CDATA[chrome]]>
              </value>
            </param>
          </params>
          <reporter-output>
          </reporter-output>
        </test-method> <!-- setup -->
        <test-method status="PASS" signature="loginpage_test()[pri:0, instance:tests.TC01_Login_test@b59d31]" name="loginpage_test" duration-ms="14689" started-at="2020-09-14T00:10:44Z" finished-at="2020-09-14T00:10:59Z">
          <reporter-output>
          </reporter-output>
        </test-method> <!-- loginpage_test -->
      </class> <!-- tests.TC01_Login_test -->
    </test> <!-- Guru99 logindemo -->
  </suite> <!-- WFH_Selenium_Framework -->
</testng-results>
