<?xml version="1.0" encoding="UTF-8"?>
<testng-results skipped="0" failed="1" total="1" passed="0">
  <reporter-output>
  </reporter-output>
  <suite name="WFH_Selenium_Framework" duration-ms="12494" started-at="2020-10-05T13:26:55Z" finished-at="2020-10-05T13:27:07Z">
    <groups>
    </groups>
    <test name="Guru99 logindemo" duration-ms="12494" started-at="2020-10-05T13:26:55Z" finished-at="2020-10-05T13:27:07Z">
      <class name="tests.TC01_Login_test">
        <test-method status="PASS" signature="setup(java.lang.String)[pri:0, instance:tests.TC01_Login_test@4102b8]" name="setup" is-config="true" duration-ms="10731" started-at="2020-10-05T18:56:56Z" finished-at="2020-10-05T18:57:06Z">
          <params>
            <param index="0">
              <value>
                <![CDATA[chrome]]>
              </value>
            </param>
          </params>
          <reporter-output>
          </reporter-output>
        </test-method> <!-- setup -->
        <test-method status="FAIL" signature="loginpage_test()[pri:0, instance:tests.TC01_Login_test@4102b8]" name="loginpage_test" duration-ms="875" started-at="2020-10-05T18:57:06Z" finished-at="2020-10-05T18:57:07Z">
          <exception class="java.lang.NullPointerException">
            <full-stacktrace>
              <![CDATA[java.lang.NullPointerException
	at sun.reflect.NativeMethodAccessorImpl.invoke0(Native Method)
	at sun.reflect.NativeMethodAccessorImpl.invoke(NativeMethodAccessorImpl.java:62)
	at sun.reflect.DelegatingMethodAccessorImpl.invoke(DelegatingMethodAccessorImpl.java:43)
	at java.lang.reflect.Method.invoke(Method.java:498)
	at org.openqa.selenium.support.pagefactory.internal.LocatingElementHandler.invoke(LocatingElementHandler.java:51)
	at com.sun.proxy.$Proxy8.sendKeys(Unknown Source)
	at pages.Login_page.setusrname(Login_page.java:52)
	at tests.TC01_Login_test.loginpage_test(TC01_Login_test.java:21)
	at sun.reflect.NativeMethodAccessorImpl.invoke0(Native Method)
	at sun.reflect.NativeMethodAccessorImpl.invoke(NativeMethodAccessorImpl.java:62)
	at sun.reflect.DelegatingMethodAccessorImpl.invoke(DelegatingMethodAccessorImpl.java:43)
	at java.lang.reflect.Method.invoke(Method.java:498)
	at org.testng.internal.MethodInvocationHelper.invokeMethod(MethodInvocationHelper.java:85)
	at org.testng.internal.Invoker.invokeMethod(Invoker.java:639)
	at org.testng.internal.Invoker.invokeTestMethod(Invoker.java:816)
	at org.testng.internal.Invoker.invokeTestMethods(Invoker.java:1124)
	at org.testng.internal.TestMethodWorker.invokeTestMethods(TestMethodWorker.java:125)
	at org.testng.internal.TestMethodWorker.run(TestMethodWorker.java:108)
	at java.util.concurrent.ThreadPoolExecutor.runWorker(ThreadPoolExecutor.java:1149)
	at java.util.concurrent.ThreadPoolExecutor$Worker.run(ThreadPoolExecutor.java:624)
	at java.lang.Thread.run(Thread.java:748)
]]>
            </full-stacktrace>
          </exception> <!-- java.lang.NullPointerException -->
          <reporter-output>
          </reporter-output>
        </test-method> <!-- loginpage_test -->
      </class> <!-- tests.TC01_Login_test -->
    </test> <!-- Guru99 logindemo -->
  </suite> <!-- WFH_Selenium_Framework -->
</testng-results>
