<?xml version="1.0" encoding="UTF-8"?>
<!-- Generated by org.testng.reporters.JUnitXMLReporter -->
<testsuite hostname="Nidhi" name="Guru99 logindemo" tests="1" failures="1" timestamp="5 Oct 2020 13:27:08 GMT" time="12.494" errors="0">
  <testcase name="loginpage_test" time="0.875" classname="tests.TC01_Login_test">
    <failure type="java.lang.NullPointerException">
      <![CDATA[java.lang.NullPointerException
	at org.openqa.selenium.support.pagefactory.internal.LocatingElementHandler.invoke(LocatingElementHandler.java:51)
	at com.sun.proxy.$Proxy8.sendKeys(Unknown Source)
	at pages.Login_page.setusrname(Login_page.java:52)
	at tests.TC01_Login_test.loginpage_test(TC01_Login_test.java:21)
	at java.util.concurrent.ThreadPoolExecutor.runWorker(ThreadPoolExecutor.java:1149)
	at java.util.concurrent.ThreadPoolExecutor$Worker.run(ThreadPoolExecutor.java:624)
	at java.lang.Thread.run(Thread.java:748)
... Removed 14 stack frames]]>
    </failure>
  </testcase> <!-- loginpage_test -->
</testsuite> <!-- Guru99 logindemo -->
